<?xml version="1.0" encoding="UTF-8"?>
<testsuite name="dev.cgomezu.refactoring.beverages.BeveragesPricingTest" tests="3" skipped="0" failures="0" errors="0" timestamp="2023-03-06T15:14:39" hostname="psegjjbktn2.suramericana.com.co" time="0.011">
  <properties/>
  <testcase name="computes_coffee_price()" classname="dev.cgomezu.refactoring.beverages.BeveragesPricingTest" time="0.009"/>
  <testcase name="computes_coffee_with_milk_and_cream_price()" classname="dev.cgomezu.refactoring.beverages.BeveragesPricingTest" time="0.0"/>
  <testcase name="computes_coffee_with_milk_price()" classname="dev.cgomezu.refactoring.beverages.BeveragesPricingTest" time="0.0"/>
  <system-out><![CDATA[]]></system-out>
  <system-err><![CDATA[]]></system-err>
</testsuite>
